#
# A fatal error has been detected by the Java Runtime Environment:
#
#  EXCEPTION_ACCESS_VIOLATION (0xc0000005) at pc=0x00000000038d2052, pid=2272, tid=18888
#
# JRE version: Java(TM) SE Runtime Environment (8.0_05-b13) (build 1.8.0_05-b13)
# Java VM: Java HotSpot(TM) 64-Bit Server VM (25.5-b02 mixed mode windows-amd64 compressed oops)
# Problematic frame:
# J 1968 C1 com.sun.xml.bind.v2.model.impl.RuntimeElementInfoImpl.getScope()Lcom/sun/xml/bind/v2/model/core/ClassInfo; (5 bytes) @ 0x00000000038d2052 [0x00000000038d1ec0+0x192]
#
# Failed to write core dump. Minidumps are not enabled by default on client versions of Windows
#
# If you would like to submit a bug report, please visit:
#   http://bugreport.sun.com/bugreport/crash.jsp
#

---------------  T H R E A D  ---------------

Current thread (0x0000000003387000):  JavaThread "main" [_thread_in_Java, id=18888, stack(0x0000000003280000,0x0000000003380000)]

siginfo: ExceptionCode=0xc0000005, reading address 0x000000001e767938

Registers:
RAX=0x00000000a245dc38, RBX=0x00000001000d8210, RCX=0x0000000000000001, RDX=0x00000000a2470f28
RSP=0x000000000337dbe0, RBP=0x00000000a2432040, RSI=0x0000000016767890, RDI=0x000000001e767890
R8 =0x00000000a2470f28, R9 =0x00000000a2431eb8, R10=0x00000001000d9b98, R11=0x00000000a2439020
R12=0x0000000000000000, R13=0x00000000c1bdf5e0, R14=0x00000000c1bdf5e0, R15=0x0000000003387000
RIP=0x00000000038d2052, EFLAGS=0x0000000000010212

Top of Stack: (sp=0x000000000337dbe0)
0x000000000337dbe0:   00000000a2471dd8 0000000003b5c4c4
0x000000000337dbf0:   00000001000ec6a8 00000000c1c5f4c0
0x000000000337dc00:   00000001000faee8 00000001000faee8
0x000000000337dc10:   0000000000000001 00000000a2471ee8
0x000000000337dc20:   00000000a2432040 0000000003e0335c
0x000000000337dc30:   00000000a2432040 0000000003d1b444
0x000000000337dc40:   0000000000000000 0000006300000003
0x000000000337dc50:   00000000a246fb80 c1c6b358c1c5f390
0x000000000337dc60:   00000000a2470ed8 0000000003b7e5d8
0x000000000337dc70:   00000000a2470e68 00000000a245d1b0
0x000000000337dc80:   00000000a2470500 00000000a2470f28
0x000000000337dc90:   00000000c1c5f4c0 0000000000000001
0x000000000337dca0:   00000000a2432040 0000000003d1ad14
0x000000000337dcb0:   0000000000000001 0000000003819e50
0x000000000337dcc0:   00000000a2470ed8 00000000a2470f28
0x000000000337dcd0:   00000000a2431f60 00000000a2431eb8 

Instructions: (pc=0x00000000038d2052)
0x00000000038d2032:   6a 06 e5 ff 5f 5f 83 ff 00 0f 84 8a 00 00 00 48
0x00000000038d2042:   bf 90 78 76 16 00 00 00 00 8b 58 08 48 c1 e3 03
0x00000000038d2052:   48 3b 9f a8 00 00 00 75 0d 48 83 87 b0 00 00 00
0x00000000038d2062:   01 e9 7f 00 00 00 48 3b 9f b8 00 00 00 75 0d 48 


Register to memory mapping:

RAX=0x00000000a245dc38 is an oop
com.sun.xml.bind.v2.model.impl.RuntimeClassInfoImpl 
 - klass: 'com/sun/xml/bind/v2/model/impl/RuntimeClassInfoImpl'
RBX=0x00000001000d8210 is an unknown value
RCX=0x0000000000000001 is an unknown value
RDX=0x00000000a2470f28 is an oop
com.sun.xml.bind.v2.model.impl.RuntimeElementInfoImpl 
 - klass: 'com/sun/xml/bind/v2/model/impl/RuntimeElementInfoImpl'
RSP=0x000000000337dbe0 is pointing into the stack for thread: 0x0000000003387000
RBP=0x00000000a2432040 is an oop
java.util.LinkedHashMap 
 - klass: 'java/util/LinkedHashMap'
RSI=0x0000000016767890 is an unknown value
RDI=0x000000001e767890 is an unknown value
R8 =0x00000000a2470f28 is an oop
com.sun.xml.bind.v2.model.impl.RuntimeElementInfoImpl 
 - klass: 'com/sun/xml/bind/v2/model/impl/RuntimeElementInfoImpl'
R9 =0x00000000a2431eb8 is an oop
com.sun.xml.bind.v2.model.impl.RuntimeModelBuilder 
 - klass: 'com/sun/xml/bind/v2/model/impl/RuntimeModelBuilder'
R10=0x00000001000d9b98 is an unknown value
R11=0x00000000a2439020 is an oop
java.util.HashMap$Node 
 - klass: 'java/util/HashMap$Node'
R12=0x0000000000000000 is an unknown value
R13=0x00000000c1bdf5e0 is an oop
java.lang.Package 
 - klass: 'java/lang/Package'
R14=0x00000000c1bdf5e0 is an oop
java.lang.Package 
 - klass: 'java/lang/Package'
R15=0x0000000003387000 is a thread


Stack: [0x0000000003280000,0x0000000003380000],  sp=0x000000000337dbe0,  free space=1014k
Native frames: (J=compiled Java code, j=interpreted, Vv=VM code, C=native code)
C  0x00000000038d2052


---------------  P R O C E S S  ---------------

Java Threads: ( => current thread )
  0x0000000013703800 JavaThread "Service Thread" daemon [_thread_blocked, id=13000, stack(0x0000000014830000,0x0000000014930000)]
  0x000000001363a800 JavaThread "C1 CompilerThread11" daemon [_thread_blocked, id=16628, stack(0x0000000014730000,0x0000000014830000)]
  0x0000000013638800 JavaThread "C1 CompilerThread10" daemon [_thread_blocked, id=18284, stack(0x0000000014630000,0x0000000014730000)]
  0x0000000013637800 JavaThread "C1 CompilerThread9" daemon [_thread_blocked, id=2964, stack(0x0000000014530000,0x0000000014630000)]
  0x0000000013637000 JavaThread "C1 CompilerThread8" daemon [_thread_blocked, id=10904, stack(0x0000000014430000,0x0000000014530000)]
  0x0000000013636000 JavaThread "C2 CompilerThread7" daemon [_thread_blocked, id=8832, stack(0x0000000014330000,0x0000000014430000)]
  0x0000000013635800 JavaThread "C2 CompilerThread6" daemon [_thread_blocked, id=3328, stack(0x0000000014230000,0x0000000014330000)]
  0x000000001363a000 JavaThread "C2 CompilerThread5" daemon [_thread_blocked, id=8916, stack(0x0000000014130000,0x0000000014230000)]
  0x0000000013634800 JavaThread "C2 CompilerThread4" daemon [_thread_blocked, id=17136, stack(0x0000000014030000,0x0000000014130000)]
  0x000000001363b800 JavaThread "C2 CompilerThread3" daemon [_thread_in_native, id=1452, stack(0x0000000013f30000,0x0000000014030000)]
  0x0000000013633000 JavaThread "C2 CompilerThread2" daemon [_thread_blocked, id=12440, stack(0x0000000013e30000,0x0000000013f30000)]
  0x0000000013629800 JavaThread "C2 CompilerThread1" daemon [_thread_blocked, id=14940, stack(0x0000000013d30000,0x0000000013e30000)]
  0x0000000013626000 JavaThread "C2 CompilerThread0" daemon [_thread_blocked, id=18108, stack(0x0000000013c30000,0x0000000013d30000)]
  0x0000000013623000 JavaThread "Attach Listener" daemon [_thread_blocked, id=13324, stack(0x0000000013b30000,0x0000000013c30000)]
  0x0000000013631000 JavaThread "Signal Dispatcher" daemon [_thread_blocked, id=10452, stack(0x0000000013a30000,0x0000000013b30000)]
  0x0000000003472000 JavaThread "Finalizer" daemon [_thread_blocked, id=14988, stack(0x0000000013930000,0x0000000013a30000)]
  0x000000000346a800 JavaThread "Reference Handler" daemon [_thread_blocked, id=15108, stack(0x0000000013830000,0x0000000013930000)]
=>0x0000000003387000 JavaThread "main" [_thread_in_Java, id=18888, stack(0x0000000003280000,0x0000000003380000)]

Other Threads:
  0x0000000003465000 VMThread [stack: 0x0000000013730000,0x0000000013830000] [id=4660]
  0x0000000013708000 WatcherThread [stack: 0x0000000014930000,0x0000000014a30000] [id=11520]

VM state:not at safepoint (normal execution)

VM Mutex/Monitor currently owned by a thread: None

Heap:
 def new generation   total 1152K, used 526K [0x00000000a2400000, 0x00000000a2540000, 0x00000000c1800000)
  eden space 1024K,  45% used [0x00000000a2400000, 0x00000000a2474cb0, 0x00000000a2500000)
  from space 128K,  46% used [0x00000000a2500000, 0x00000000a250eba0, 0x00000000a2520000)
  to   space 128K,   0% used [0x00000000a2520000, 0x00000000a2520000, 0x00000000a2540000)
 tenured generation   total 260864K, used 31311K [0x00000000c1800000, 0x00000000d16c0000, 0x0000000100000000)
   the space 260864K,  12% used [0x00000000c1800000, 0x00000000c3693d70, 0x00000000c3693e00, 0x00000000d16c0000)
 Metaspace       used 12549K, capacity 12870K, committed 13056K, reserved 1060864K
  class space    used 1433K, capacity 1489K, committed 1536K, reserved 1048576K

Card table byte_map: [0x0000000012840000,0x0000000012b30000] byte_map_base: 0x000000001232e000

Polling page: 0x00000000014d0000

CodeCache: size=245760Kb used=11097Kb max_used=11111Kb free=234662Kb
 bounds [0x0000000003480000, 0x0000000003f70000, 0x0000000012480000]
 total_blobs=2994 nmethods=2643 adapters=262
 compilation: enabled

Compilation events (10 events):
Event: 2.696 Thread 0x0000000013637000 2993   !   3       sun.reflect.GeneratedConstructorAccessor17::newInstance (49 bytes)
Event: 2.696 Thread 0x000000001363a800 2994       1       com.sun.xml.bind.v2.runtime.unmarshaller.Loader::startElement (1 bytes)
Event: 2.696 Thread 0x000000001363a800 nmethod 2994 0x0000000003f4fe10 code [0x0000000003f4ff60, 0x0000000003f50070]
Event: 2.696 Thread 0x0000000013638800 2995       3       com.google.common.collect.AbstractIterator::next (27 bytes)
Event: 2.696 Thread 0x0000000013637000 nmethod 2993 0x0000000003f5b910 code [0x0000000003f5bac0, 0x0000000003f5bf28]
Event: 2.696 Thread 0x0000000013638800 nmethod 2995 0x0000000003f5b390 code [0x0000000003f5b500, 0x0000000003f5b818]
Event: 2.699 Thread 0x0000000013636000 2996       4       java.lang.reflect.Method::getGenericInfo (27 bytes)
Event: 2.705 Thread 0x0000000013629800 nmethod 2977 0x0000000003f63b10 code [0x0000000003f63d80, 0x0000000003f65170]
Event: 2.706 Thread 0x000000001363a000 nmethod 2975 0x0000000003f66910 code [0x0000000003f66ca0, 0x0000000003f68aa0]
Event: 2.710 Thread 0x0000000013636000 nmethod 2996 0x0000000003f5f110 code [0x0000000003f5f3a0, 0x0000000003f5fd98]

GC Heap History (10 events):
Event: 2.692 GC heap before
{Heap before GC invocations=383 (full 0):
 def new generation   total 1152K, used 1084K [0x00000000a2400000, 0x00000000a2540000, 0x00000000c1800000)
  eden space 1024K, 100% used [0x00000000a2400000, 0x00000000a2500000, 0x00000000a2500000)
  from space 128K,  47% used [0x00000000a2520000, 0x00000000a252f390, 0x00000000a2540000)
  to   space 128K,   0% used [0x00000000a2500000, 0x00000000a2500000, 0x00000000a2520000)
 tenured generation   total 260864K, used 30973K [0x00000000c1800000, 0x00000000d16c0000, 0x0000000100000000)
   the space 260864K,  11% used [0x00000000c1800000, 0x00000000c363f678, 0x00000000c363f800, 0x00000000d16c0000)
 Metaspace       used 12549K, capacity 12870K, committed 13056K, reserved 1060864K
  class space    used 1433K, capacity 1489K, committed 1536K, reserved 1048576K
Event: 2.693 GC heap after
Heap after GC invocations=384 (full 0):
 def new generation   total 1152K, used 128K [0x00000000a2400000, 0x00000000a2540000, 0x00000000c1800000)
  eden space 1024K,   0% used [0x00000000a2400000, 0x00000000a2400000, 0x00000000a2500000)
  from space 128K, 100% used [0x00000000a2500000, 0x00000000a2520000, 0x00000000a2520000)
  to   space 128K,   0% used [0x00000000a2520000, 0x00000000a2520000, 0x00000000a2540000)
 tenured generation   total 260864K, used 31000K [0x00000000c1800000, 0x00000000d16c0000, 0x0000000100000000)
   the space 260864K,  11% used [0x00000000c1800000, 0x00000000c3646218, 0x00000000c3646400, 0x00000000d16c0000)
 Metaspace       used 12549K, capacity 12870K, committed 13056K, reserved 1060864K
  class space    used 1433K, capacity 1489K, committed 1536K, reserved 1048576K
}
Event: 2.697 GC heap before
{Heap before GC invocations=384 (full 0):
 def new generation   total 1152K, used 1152K [0x00000000a2400000, 0x00000000a2540000, 0x00000000c1800000)
  eden space 1024K, 100% used [0x00000000a2400000, 0x00000000a2500000, 0x00000000a2500000)
  from space 128K, 100% used [0x00000000a2500000, 0x00000000a2520000, 0x00000000a2520000)
  to   space 128K,   0% used [0x00000000a2520000, 0x00000000a2520000, 0x00000000a2540000)
 tenured generation   total 260864K, used 31000K [0x00000000c1800000, 0x00000000d16c0000, 0x0000000100000000)
   the space 260864K,  11% used [0x00000000c1800000, 0x00000000c3646218, 0x00000000c3646400, 0x00000000d16c0000)
 Metaspace       used 12549K, capacity 12870K, committed 13056K, reserved 1060864K
  class space    used 1433K, capacity 1489K, committed 1536K, reserved 1048576K
Event: 2.698 GC heap after
Heap after GC invocations=385 (full 0):
 def new generation   total 1152K, used 115K [0x00000000a2400000, 0x00000000a2540000, 0x00000000c1800000)
  eden space 1024K,   0% used [0x00000000a2400000, 0x00000000a2400000, 0x00000000a2500000)
  from space 128K,  89% used [0x00000000a2520000, 0x00000000a253cc60, 0x00000000a2540000)
  to   space 128K,   0% used [0x00000000a2500000, 0x00000000a2500000, 0x00000000a2520000)
 tenured generation   total 260864K, used 31087K [0x00000000c1800000, 0x00000000d16c0000, 0x0000000100000000)
   the space 260864K,  11% used [0x00000000c1800000, 0x00000000c365bea0, 0x00000000c365c000, 0x00000000d16c0000)
 Metaspace       used 12549K, capacity 12870K, committed 13056K, reserved 1060864K
  class space    used 1433K, capacity 1489K, committed 1536K, reserved 1048576K
}
Event: 2.702 GC heap before
{Heap before GC invocations=385 (full 0):
 def new generation   total 1152K, used 1139K [0x00000000a2400000, 0x00000000a2540000, 0x00000000c1800000)
  eden space 1024K, 100% used [0x00000000a2400000, 0x00000000a2500000, 0x00000000a2500000)
  from space 128K,  89% used [0x00000000a2520000, 0x00000000a253cc60, 0x00000000a2540000)
  to   space 128K,   0% used [0x00000000a2500000, 0x00000000a2500000, 0x00000000a2520000)
 tenured generation   total 260864K, used 31087K [0x00000000c1800000, 0x00000000d16c0000, 0x0000000100000000)
   the space 260864K,  11% used [0x00000000c1800000, 0x00000000c365bea0, 0x00000000c365c000, 0x00000000d16c0000)
 Metaspace       used 12549K, capacity 12870K, committed 13056K, reserved 1060864K
  class space    used 1433K, capacity 1489K, committed 1536K, reserved 1048576K
Event: 2.703 GC heap after
Heap after GC invocations=386 (full 0):
 def new generation   total 1152K, used 76K [0x00000000a2400000, 0x00000000a2540000, 0x00000000c1800000)
  eden space 1024K,   0% used [0x00000000a2400000, 0x00000000a2400000, 0x00000000a2500000)
  from space 128K,  60% used [0x00000000a2500000, 0x00000000a2513348, 0x00000000a2520000)
  to   space 128K,   0% used [0x00000000a2520000, 0x00000000a2520000, 0x00000000a2540000)
 tenured generation   total 260864K, used 31145K [0x00000000c1800000, 0x00000000d16c0000, 0x0000000100000000)
   the space 260864K,  11% used [0x00000000c1800000, 0x00000000c366a620, 0x00000000c366a800, 0x00000000d16c0000)
 Metaspace       used 12549K, capacity 12870K, committed 13056K, reserved 1060864K
  class space    used 1433K, capacity 1489K, committed 1536K, reserved 1048576K
}
Event: 2.707 GC heap before
{Heap before GC invocations=386 (full 0):
 def new generation   total 1152K, used 1100K [0x00000000a2400000, 0x00000000a2540000, 0x00000000c1800000)
  eden space 1024K, 100% used [0x00000000a2400000, 0x00000000a2500000, 0x00000000a2500000)
  from space 128K,  60% used [0x00000000a2500000, 0x00000000a2513348, 0x00000000a2520000)
  to   space 128K,   0% used [0x00000000a2520000, 0x00000000a2520000, 0x00000000a2540000)
 tenured generation   total 260864K, used 31145K [0x00000000c1800000, 0x00000000d16c0000, 0x0000000100000000)
   the space 260864K,  11% used [0x00000000c1800000, 0x00000000c366a620, 0x00000000c366a800, 0x00000000d16c0000)
 Metaspace       used 12549K, capacity 12870K, committed 13056K, reserved 1060864K
  class space    used 1433K, capacity 1489K, committed 1536K, reserved 1048576K
Event: 2.708 GC heap after
Heap after GC invocations=387 (full 0):
 def new generation   total 1152K, used 128K [0x00000000a2400000, 0x00000000a2540000, 0x00000000c1800000)
  eden space 1024K,   0% used [0x00000000a2400000, 0x00000000a2400000, 0x00000000a2500000)
  from space 128K, 100% used [0x00000000a2520000, 0x00000000a2540000, 0x00000000a2540000)
  to   space 128K,   0% used [0x00000000a2500000, 0x00000000a2500000, 0x00000000a2520000)
 tenured generation   total 260864K, used 31200K [0x00000000c1800000, 0x00000000d16c0000, 0x0000000100000000)
   the space 260864K,  11% used [0x00000000c1800000, 0x00000000c3678020, 0x00000000c3678200, 0x00000000d16c0000)
 Metaspace       used 12549K, capacity 12870K, committed 13056K, reserved 1060864K
  class space    used 1433K, capacity 1489K, committed 1536K, reserved 1048576K
}
Event: 2.711 GC heap before
{Heap before GC invocations=387 (full 0):
 def new generation   total 1152K, used 1152K [0x00000000a2400000, 0x00000000a2540000, 0x00000000c1800000)
  eden space 1024K, 100% used [0x00000000a2400000, 0x00000000a2500000, 0x00000000a2500000)
  from space 128K, 100% used [0x00000000a2520000, 0x00000000a2540000, 0x00000000a2540000)
  to   space 128K,   0% used [0x00000000a2500000, 0x00000000a2500000, 0x00000000a2520000)
 tenured generation   total 260864K, used 31200K [0x00000000c1800000, 0x00000000d16c0000, 0x0000000100000000)
   the space 260864K,  11% used [0x00000000c1800000, 0x00000000c3678020, 0x00000000c3678200, 0x00000000d16c0000)
 Metaspace       used 12549K, capacity 12870K, committed 13056K, reserved 1060864K
  class space    used 1433K, capacity 1489K, committed 1536K, reserved 1048576K
Event: 2.712 GC heap after
Heap after GC invocations=388 (full 0):
 def new generation   total 1152K, used 58K [0x00000000a2400000, 0x00000000a2540000, 0x00000000c1800000)
  eden space 1024K,   0% used [0x00000000a2400000, 0x00000000a2400000, 0x00000000a2500000)
  from space 128K,  46% used [0x00000000a2500000, 0x00000000a250eba0, 0x00000000a2520000)
  to   space 128K,   0% used [0x00000000a2520000, 0x00000000a2520000, 0x00000000a2540000)
 tenured generation   total 260864K, used 31311K [0x00000000c1800000, 0x00000000d16c0000, 0x0000000100000000)
   the space 260864K,  12% used [0x00000000c1800000, 0x00000000c3693d70, 0x00000000c3693e00, 0x00000000d16c0000)
 Metaspace       used 12549K, capacity 12870K, committed 13056K, reserved 1060864K
  class space    used 1433K, capacity 1489K, committed 1536K, reserved 1048576K
}

Deoptimization events (10 events):
Event: 1.251 Thread 0x0000000003387000 Uncommon trap: reason=class_check action=maybe_recompile pc=0x0000000003937a3c method=java.util.regex.Pattern$CharProperty$1.isSatisfiedBy(I)Z @ 5
Event: 1.292 Thread 0x0000000003387000 Uncommon trap: reason=class_check action=maybe_recompile pc=0x0000000003ad3880 method=java.util.HashMap.putVal(ILjava/lang/Object;Ljava/lang/Object;ZZ)Ljava/lang/Object; @ 203
Event: 1.292 Thread 0x0000000003387000 Uncommon trap: reason=class_check action=maybe_recompile pc=0x0000000003ad3880 method=java.util.HashMap.putVal(ILjava/lang/Object;Ljava/lang/Object;ZZ)Ljava/lang/Object; @ 203
Event: 1.292 Thread 0x0000000003387000 Uncommon trap: reason=class_check action=maybe_recompile pc=0x0000000003ad3880 method=java.util.HashMap.putVal(ILjava/lang/Object;Ljava/lang/Object;ZZ)Ljava/lang/Object; @ 203
Event: 1.292 Thread 0x0000000003387000 Uncommon trap: reason=class_check action=maybe_recompile pc=0x0000000003ad3880 method=java.util.HashMap.putVal(ILjava/lang/Object;Ljava/lang/Object;ZZ)Ljava/lang/Object; @ 203
Event: 1.292 Thread 0x0000000003387000 Uncommon trap: reason=class_check action=maybe_recompile pc=0x0000000003aba650 method=java.util.HashMap.putVal(ILjava/lang/Object;Ljava/lang/Object;ZZ)Ljava/lang/Object; @ 203
Event: 1.487 Thread 0x0000000003387000 Uncommon trap: reason=class_check action=maybe_recompile pc=0x0000000003ac4f90 method=java.io.FilterInputStream.read([BII)I @ 7
Event: 1.488 Thread 0x0000000003387000 Uncommon trap: reason=class_check action=maybe_recompile pc=0x0000000003ac4f90 method=java.io.FilterInputStream.read([BII)I @ 7
Event: 1.488 Thread 0x0000000003387000 Uncommon trap: reason=class_check action=maybe_recompile pc=0x0000000003ac4f90 method=java.io.FilterInputStream.read([BII)I @ 7
Event: 1.489 Thread 0x0000000003387000 Uncommon trap: reason=class_check action=maybe_recompile pc=0x0000000003ac4f90 method=java.io.FilterInputStream.read([BII)I @ 7

Internal exceptions (10 events):
Event: 2.705 Thread 0x0000000003387000 Exception <a 'java/lang/ClassNotFoundException': com/sun/org/glassfish/hk2/osgiresourcelocator/ServiceLoader> (0x00000000a2489880) thrown at [D:\re\workspace\8-2-build-windows-amd64-cygwin\jdk8u5\2488\hotspot\src\share\vm\classfile\systemDictionary.cpp, li
Event: 2.706 Thread 0x0000000003387000 Exception <a 'java/security/PrivilegedActionException'> (0x00000000a24c4ff8) thrown at [D:\re\workspace\8-2-build-windows-amd64-cygwin\jdk8u5\2488\hotspot\src\share\vm\prims\jvm.cpp, line 1248]
Event: 2.706 Thread 0x0000000003387000 Exception <a 'java/security/PrivilegedActionException'> (0x00000000a24ce7f8) thrown at [D:\re\workspace\8-2-build-windows-amd64-cygwin\jdk8u5\2488\hotspot\src\share\vm\prims\jvm.cpp, line 1248]
Event: 2.707 Thread 0x0000000003387000 Exception <a 'java/security/PrivilegedActionException'> (0x00000000a24db5a8) thrown at [D:\re\workspace\8-2-build-windows-amd64-cygwin\jdk8u5\2488\hotspot\src\share\vm\prims\jvm.cpp, line 1248]
Event: 2.707 Thread 0x0000000003387000 Exception <a 'java/security/PrivilegedActionException'> (0x00000000a24e4d50) thrown at [D:\re\workspace\8-2-build-windows-amd64-cygwin\jdk8u5\2488\hotspot\src\share\vm\prims\jvm.cpp, line 1248]
Event: 2.707 Thread 0x0000000003387000 Exception <a 'java/security/PrivilegedActionException'> (0x00000000a24f2188) thrown at [D:\re\workspace\8-2-build-windows-amd64-cygwin\jdk8u5\2488\hotspot\src\share\vm\prims\jvm.cpp, line 1248]
Event: 2.707 Thread 0x0000000003387000 Exception <a 'java/security/PrivilegedActionException'> (0x00000000a24fb958) thrown at [D:\re\workspace\8-2-build-windows-amd64-cygwin\jdk8u5\2488\hotspot\src\share\vm\prims\jvm.cpp, line 1248]
Event: 2.714 Thread 0x0000000003387000 Exception <a 'java/lang/ClassNotFoundException': com/sun/org/glassfish/hk2/osgiresourcelocator/ServiceLoader> (0x00000000a2429f70) thrown at [D:\re\workspace\8-2-build-windows-amd64-cygwin\jdk8u5\2488\hotspot\src\share\vm\classfile\systemDictionary.cpp, liƒÕýh·@
Event: 2.715 Thread 0x0000000003387000 Exception <a 'java/security/PrivilegedActionException'> (0x00000000a2465808) thrown at [D:\re\workspace\8-2-build-windows-amd64-cygwin\jdk8u5\2488\hotspot\src\share\vm\prims\jvm.cpp, line 1248]
Event: 2.715 Thread 0x0000000003387000 Exception <a 'java/security/PrivilegedActionException'> (0x00000000a246ef30) thrown at [D:\re\workspace\8-2-build-windows-amd64-cygwin\jdk8u5\2488\hotspot\src\share\vm\prims\jvm.cpp, line 1248]

Events (10 events):
Event: 2.707 loading class java/lang/ObjectFactory
Event: 2.707 loading class java/lang/ObjectFactory done
Event: 2.707 Executing VM operation: GenCollectForAllocation
Event: 2.708 Executing VM operation: GenCollectForAllocation done
Event: 2.711 Executing VM operation: GenCollectForAllocation
Event: 2.712 Executing VM operation: GenCollectForAllocation done
Event: 2.714 loading class com/sun/org/glassfish/hk2/osgiresourcelocator/ServiceLoader
Event: 2.714 loading class com/sun/org/glassfish/hk2/osgiresourcelocator/ServiceLoader done
Event: 2.715 loading class java/lang/ObjectFactory
Event: 2.715 loading class java/lang/ObjectFactory done


Dynamic libraries:
0x00007ff6b3b70000 - 0x00007ff6b3ba4000 	C:\intelfpga_lite\18.1\quartus\bin64\jre64\bin\java.exe
0x00007ffe63350000 - 0x00007ffe63548000 	C:\WINDOWS\SYSTEM32\ntdll.dll
0x00007ffe61700000 - 0x00007ffe617bf000 	C:\WINDOWS\System32\KERNEL32.DLL
0x00007ffe60fc0000 - 0x00007ffe6129a000 	C:\WINDOWS\System32\KERNELBASE.dll
0x00007ffe62a30000 - 0x00007ffe62ade000 	C:\WINDOWS\System32\ADVAPI32.dll
0x00007ffe62bb0000 - 0x00007ffe62c4e000 	C:\WINDOWS\System32\msvcrt.dll
0x00007ffe61d60000 - 0x00007ffe61dfc000 	C:\WINDOWS\System32\sechost.dll
0x00007ffe61c30000 - 0x00007ffe61d56000 	C:\WINDOWS\System32\RPCRT4.dll
0x00007ffe613b0000 - 0x00007ffe6154d000 	C:\WINDOWS\System32\USER32.dll
0x00007ffe60ee0000 - 0x00007ffe60f02000 	C:\WINDOWS\System32\win32u.dll
0x00007ffe621a0000 - 0x00007ffe621cb000 	C:\WINDOWS\System32\GDI32.dll
0x00007ffe60a60000 - 0x00007ffe60b70000 	C:\WINDOWS\System32\gdi32full.dll
0x00007ffe60b70000 - 0x00007ffe60c0d000 	C:\WINDOWS\System32\msvcp_win.dll
0x00007ffe60de0000 - 0x00007ffe60ee0000 	C:\WINDOWS\System32\ucrtbase.dll
0x00007ffe42980000 - 0x00007ffe42c1a000 	C:\WINDOWS\WinSxS\amd64_microsoft.windows.common-controls_6595b64144ccf1df_6.0.19041.1110_none_60b5254171f9507e\COMCTL32.dll
0x00007ffe63170000 - 0x00007ffe631a0000 	C:\WINDOWS\System32\IMM32.DLL
0x000000005e710000 - 0x000000005e7e2000 	C:\intelfpga_lite\18.1\quartus\bin64\jre64\bin\msvcr100.dll
0x000000005d690000 - 0x000000005deba000 	C:\intelfpga_lite\18.1\quartus\bin64\jre64\bin\server\jvm.dll
0x00007ffe631a0000 - 0x00007ffe631a8000 	C:\WINDOWS\System32\PSAPI.DLL
0x00007ffe57b20000 - 0x00007ffe57b47000 	C:\WINDOWS\SYSTEM32\WINMM.dll
0x00007ffe529d0000 - 0x00007ffe529d9000 	C:\WINDOWS\SYSTEM32\WSOCK32.dll
0x00007ffe62b40000 - 0x00007ffe62bab000 	C:\WINDOWS\System32\WS2_32.dll
0x000000005e700000 - 0x000000005e70f000 	C:\intelfpga_lite\18.1\quartus\bin64\jre64\bin\verify.dll
0x000000005e6d0000 - 0x000000005e6f8000 	C:\intelfpga_lite\18.1\quartus\bin64\jre64\bin\java.dll
0x000000005e6b0000 - 0x000000005e6c6000 	C:\intelfpga_lite\18.1\quartus\bin64\jre64\bin\zip.dll
0x00007ffe622e0000 - 0x00007ffe62a24000 	C:\WINDOWS\System32\SHELL32.dll
0x00007ffe5dd40000 - 0x00007ffe5e4d3000 	C:\WINDOWS\SYSTEM32\windows.storage.dll
0x00007ffe62e00000 - 0x00007ffe63154000 	C:\WINDOWS\System32\combase.dll
0x00007ffe5fdc0000 - 0x00007ffe5fdee000 	C:\WINDOWS\SYSTEM32\Wldp.dll
0x00007ffe62230000 - 0x00007ffe622dd000 	C:\WINDOWS\System32\SHCORE.dll
0x00007ffe62ae0000 - 0x00007ffe62b35000 	C:\WINDOWS\System32\shlwapi.dll
0x00007ffe609a0000 - 0x00007ffe609bf000 	C:\WINDOWS\SYSTEM32\profapi.dll
0x00007ffe607f0000 - 0x00007ffe60808000 	C:\WINDOWS\SYSTEM32\CRYPTSP.dll
0x00007ffe5f4a0000 - 0x00007ffe5f4d4000 	C:\WINDOWS\system32\rsaenh.dll
0x00007ffe61330000 - 0x00007ffe61357000 	C:\WINDOWS\System32\bcrypt.dll
0x00007ffe60920000 - 0x00007ffe6094e000 	C:\WINDOWS\SYSTEM32\USERENV.dll
0x00007ffe612a0000 - 0x00007ffe61322000 	C:\WINDOWS\System32\bcryptprimitives.dll
0x00007ffe5fd80000 - 0x00007ffe5fd8c000 	C:\WINDOWS\SYSTEM32\CRYPTBASE.dll
0x000000005e690000 - 0x000000005e6aa000 	C:\intelFPGA_lite\18.1\quartus\bin64\jre64\bin\net.dll
0x00007ffe5fc90000 - 0x00007ffe5fcfa000 	C:\WINDOWS\system32\mswsock.dll
0x00007ffe5f810000 - 0x00007ffe5f84c000 	C:\WINDOWS\SYSTEM32\IPHLPAPI.DLL
0x00007ffe63160000 - 0x00007ffe63168000 	C:\WINDOWS\System32\NSI.dll
0x00007ffe59400000 - 0x00007ffe59417000 	C:\WINDOWS\SYSTEM32\dhcpcsvc6.DLL
0x00007ffe592c0000 - 0x00007ffe592dd000 	C:\WINDOWS\SYSTEM32\dhcpcsvc.DLL
0x00007ffe5f850000 - 0x00007ffe5f91b000 	C:\WINDOWS\SYSTEM32\DNSAPI.dll
0x000000005e670000 - 0x000000005e681000 	C:\intelFPGA_lite\18.1\quartus\bin64\jre64\bin\nio.dll
0x00007ffe55250000 - 0x00007ffe55256000 	C:\intelFPGA_lite\18.1\quartus\bin64\sld_utiljni.dll
0x00007ffe4db20000 - 0x00007ffe4dc0f000 	C:\intelFPGA_lite\18.1\quartus\bin64\MSVCR120.dll
0x00000000609b0000 - 0x0000000060b37000 	C:\intelFPGA_lite\18.1\quartus\bin64\tcl86.dll
0x00007ffe4c680000 - 0x00007ffe4c699000 	C:\WINDOWS\SYSTEM32\NETAPI32.dll
0x00007ffe5f920000 - 0x00007ffe5f92c000 	C:\WINDOWS\SYSTEM32\NETUTILS.DLL
0x00007ffe50b40000 - 0x00007ffe50b59000 	C:\WINDOWS\SYSTEM32\SAMCLI.DLL
0x00007ffe5f930000 - 0x00007ffe5f973000 	C:\WINDOWS\SYSTEM32\LOGONCLI.DLL
0x00007ffe4c750000 - 0x00007ffe4c810000 	C:\intelFPGA_lite\18.1\quartus\bin64\ccl_sqlite3.dll
0x00007ffe53830000 - 0x00007ffe53840000 	C:\intelFPGA_lite\18.1\quartus\bin64\ccl_sqlite3_jdbc_jni_bridge.dll
0x00007ffe4c810000 - 0x00007ffe4c998000 	C:\intelFPGA_lite\18.1\quartus\bin64\dbghelp.dll

VM Arguments:
jvm_args: -Xmx1500M -XX:+UseSerialGC 
java_command: com.altera.sopcmodel.sbtools.sbcatalog.SbCatalog --xml --project-directory= --search-path=C:/Users/fredrik/Documents/vhdl-volt-meter/src/volt_meter/,C:\Users\fredrik\Documents\vhdl-volt-meter\src\volt_meter
java_class_path (initial): C:/intelfpga_lite/18.1/quartus/sopc_builder/model/lib\Nlview.jar;C:/intelfpga_lite/18.1/quartus/sopc_builder/model/lib\QuickServer.jar;C:/intelfpga_lite/18.1/quartus/sopc_builder/model/lib\TableLayout.jar;C:/intelfpga_lite/18.1/quartus/sopc_builder/model/lib\appframework-1.03.jar;C:/intelfpga_lite/18.1/quartus/sopc_builder/model/lib\asm-3.1.jar;C:/intelfpga_lite/18.1/quartus/sopc_builder/model/lib\asm-commons-3.1.jar;C:/intelfpga_lite/18.1/quartus/sopc_builder/model/lib\basicmodel.jar;C:/intelfpga_lite/18.1/quartus/sopc_builder/model/lib\beansbinding-1.2.1.jar;C:/intelfpga_lite/18.1/quartus/sopc_builder/model/lib\binding-2.0.6.jar;C:/intelfpga_lite/18.1/quartus/sopc_builder/model/lib\com.altera.componenteditor2.jar;C:/intelfpga_lite/18.1/quartus/sopc_builder/model/lib\com.altera.embeddedsw.app_lib.jar;C:/intelfpga_lite/18.1/quartus/sopc_builder/model/lib\com.altera.embeddedsw.bsp.editor.jar;C:/intelfpga_lite/18.1/quartus/sopc_builder/model/lib\com.altera.embeddedsw.bsp.elements.jar;C:/intelfpga_lite/18.1/quartus/sopc_builder/model/lib\com.altera.embeddedsw.bsp.jar;C:/intelfpga_lite/18.1/quartus/sopc_builder/model/lib\com.altera.embeddedsw.bsp.plugin.core.jar;C:/intelfpga_lite/18.1/quartus/sopc_builder/model/lib\com.altera.embeddedsw.bsp.plugin.hal.jar;C:/intelfpga_lite/18.1/quartus/sopc_builder/model/lib\com.altera.embeddedsw.bsp.plugin.lwhal.jar;C:/intelfpga_lite/18.1/quartus/sopc_builder/model/lib\com.altera.embeddedsw.bsp.schema.jar;C:/intelfpga_lite/18.1/quartus/sopc_builder/model/lib\com.altera.embeddedsw.bsp.scripting.jar;C:/intelfpga_lite/18.1/quartus/sopc_builder/model/lib\com.altera.embeddedsw.commandline.jar;C:/intelfpga_lite/18.1/quartus/sopc_builder/model/lib\com.altera.embeddedsw.cpexample.jar;C:/intelfpga_lite/18.1/quartus/sopc_builder/model/lib\com.altera.embeddedsw.flash.jar;C:/intelfpga_lite/18.1/quartus/sopc_builder/model/lib\com.altera.embeddedsw.launch.jar;C:/intelfpga_lite/18.1/quartus/sopc_builder/model/lib\com.alte
Launcher Type: SUN_STANDARD

Environment Variables:
PATH=C:/intelfpga_lite/18.1/quartus/bin64;c:\intelfpga_lite\18.1\quartus\bin64\;c:\intelfpga_lite\18.1\quartus\bin64\;C:\Program Files (x86)\Common Files\Oracle\Java\javapath;C:\WINDOWS\system32;C:\WINDOWS;C:\WINDOWS\System32\Wbem;C:\WINDOWS\System32\WindowsPowerShell\v1.0\;C:\WINDOWS\System32\OpenSSH\;C:\Program Files\Git\cmd;c:\program files (x86)\iracing\d3dgear;;;;;C:\Users\fredrik\AppData\Local\Microsoft\WindowsApps;;C:\intelFPGA_lite\18.1\modelsim_ase\win32aloem;C:\Users\fredrik\AppData\Local\Programs\Microsoft VS Code\bin
USERNAME=fredrik
OS=Windows_NT
PROCESSOR_IDENTIFIER=AMD64 Family 23 Model 8 Stepping 2, AuthenticAMD



---------------  S Y S T E M  ---------------

OS: Windows 8.1 , 64 bit Build 9600 

CPU:total 16 (16 cores per cpu, 1 threads per core) family 23 model 8 stepping 2, cmov, cx8, fxsr, mmx, sse, sse2, sse3, ssse3, sse4.1, sse4.2, popcnt, avx, avx2, aes, clmul, mmxext, 3dnowpref, lzcnt, sse4a, tsc, tscinvbit

Memory: 4k page, physical 16706472k(8846464k free), swap 26667944k(14346216k free)

vm_info: Java HotSpot(TM) 64-Bit Server VM (25.5-b02) for windows-amd64 JRE (1.8.0_05-b13), built on Mar 18 2014 01:08:39 by "java_re" with MS VC++ 10.0 (VS2010)

time: Tue May 09 09:19:44 2023
elapsed time: 2 seconds

